0 info it worked if it ends with ok
1 verbose cli [ 'C:\\Program Files\\nodejs\\\\node.exe',
1 verbose cli   'C:\\Program Files\\nodejs\\node_modules\\npm\\bin\\npm-cli.js',
1 verbose cli   'i',
1 verbose cli   '--save-dev',
1 verbose cli   'grunt-sugmin' ]
2 info using npm@1.4.28
3 info using node@v0.10.36
4 verbose node symlink C:\Program Files\nodejs\\node.exe
5 verbose readDependencies using package.json deps
6 verbose cache add [ 'grunt-sugmin', null ]
7 verbose cache add name=undefined spec="grunt-sugmin" args=["grunt-sugmin",null]
8 verbose parsed url { protocol: null,
8 verbose parsed url   slashes: null,
8 verbose parsed url   auth: null,
8 verbose parsed url   host: null,
8 verbose parsed url   port: null,
8 verbose parsed url   hostname: null,
8 verbose parsed url   hash: null,
8 verbose parsed url   search: null,
8 verbose parsed url   query: null,
8 verbose parsed url   pathname: 'grunt-sugmin',
8 verbose parsed url   path: 'grunt-sugmin',
8 verbose parsed url   href: 'grunt-sugmin' }
9 silly lockFile 4cedf322-grunt-sugmin grunt-sugmin
10 verbose lock grunt-sugmin C:\Users\User\AppData\Roaming\npm-cache\4cedf322-grunt-sugmin.lock
11 silly lockFile 4cedf322-grunt-sugmin grunt-sugmin
12 silly lockFile 4cedf322-grunt-sugmin grunt-sugmin
13 verbose addNamed [ 'grunt-sugmin', '' ]
14 verbose addNamed [ null, '*' ]
15 silly lockFile db7cd1d1-grunt-sugmin grunt-sugmin@
16 verbose lock grunt-sugmin@ C:\Users\User\AppData\Roaming\npm-cache\db7cd1d1-grunt-sugmin.lock
17 silly addNameRange { name: 'grunt-sugmin', range: '*', hasData: false }
18 verbose request where is /grunt-sugmin
19 verbose request registry https://registry.npmjs.org/
20 verbose request id 014c150a40decdf7
21 verbose url raw /grunt-sugmin
22 verbose url resolving [ 'https://registry.npmjs.org/', './grunt-sugmin' ]
23 verbose url resolved https://registry.npmjs.org/grunt-sugmin
24 verbose request where is https://registry.npmjs.org/grunt-sugmin
25 info trying registry request attempt 1 at 18:10:36
26 http GET https://registry.npmjs.org/grunt-sugmin
27 http 404 https://registry.npmjs.org/grunt-sugmin
28 verbose headers { date: 'Mon, 06 Apr 2015 22:10:33 GMT',
28 verbose headers   server: 'CouchDB/1.5.0 (Erlang OTP/R16B03)',
28 verbose headers   'content-type': 'application/json',
28 verbose headers   'cache-control': 'max-age=0',
28 verbose headers   'content-length': '51',
28 verbose headers   'accept-ranges': 'bytes',
28 verbose headers   via: '1.1 varnish',
28 verbose headers   age: '0',
28 verbose headers   'x-served-by': 'cache-ord1720-ORD',
28 verbose headers   'x-cache': 'MISS',
28 verbose headers   'x-cache-hits': '0',
28 verbose headers   'x-timer': 'S1428358233.162517,VS0,VE68',
28 verbose headers   'keep-alive': 'timeout=10, max=50',
28 verbose headers   connection: 'Keep-Alive' }
29 silly registry.get cb [ 404,
29 silly registry.get   { date: 'Mon, 06 Apr 2015 22:10:33 GMT',
29 silly registry.get     server: 'CouchDB/1.5.0 (Erlang OTP/R16B03)',
29 silly registry.get     'content-type': 'application/json',
29 silly registry.get     'cache-control': 'max-age=0',
29 silly registry.get     'content-length': '51',
29 silly registry.get     'accept-ranges': 'bytes',
29 silly registry.get     via: '1.1 varnish',
29 silly registry.get     age: '0',
29 silly registry.get     'x-served-by': 'cache-ord1720-ORD',
29 silly registry.get     'x-cache': 'MISS',
29 silly registry.get     'x-cache-hits': '0',
29 silly registry.get     'x-timer': 'S1428358233.162517,VS0,VE68',
29 silly registry.get     'keep-alive': 'timeout=10, max=50',
29 silly registry.get     connection: 'Keep-Alive' } ]
30 silly lockFile db7cd1d1-grunt-sugmin grunt-sugmin@
31 silly lockFile db7cd1d1-grunt-sugmin grunt-sugmin@
32 error 404 404 Not Found: grunt-sugmin
32 error 404
32 error 404 'grunt-sugmin' is not in the npm registry.
32 error 404 You should bug the author to publish it
32 error 404 It was specified as a dependency of 'client'
32 error 404
32 error 404 Note that you can also install from a
32 error 404 tarball, folder, or http url, or git url.
33 error System Windows_NT 6.1.7601
34 error command "C:\\Program Files\\nodejs\\\\node.exe" "C:\\Program Files\\nodejs\\node_modules\\npm\\bin\\npm-cli.js" "i" "--save-dev" "grunt-sugmin"
35 error cwd C:\modules\finder\client
36 error node -v v0.10.36
37 error npm -v 1.4.28
38 error code E404
39 verbose exit [ 1, true ]
